

> @charbonnev/smart-forms-core@0.1.2 build /home/charlienux/dev/github/much/smart-forms/packages/core
> tsup

[34mCLI[39m Building entry: {"index":"src/index.ts","lib/index":"src/lib/index.ts","hooks/index":"src/hooks/index.ts","components/index":"src/components/index.ts"}
[34mCLI[39m Using tsconfig: tsconfig.json
[34mCLI[39m tsup v8.5.1
[34mCLI[39m Using tsup config: /home/charlienux/dev/github/much/smart-forms/packages/core/tsup.config.ts
[34mCLI[39m Target: es5
[34mCLI[39m Cleaning output folder
[34mESM[39m Build start
[34mCJS[39m Build start
[32mCJS[39m [1mdist/lib/index.js            [22m[32m11.92 KB[39m
[32mCJS[39m [1mdist/hooks/index.js          [22m[32m14.53 KB[39m
[32mCJS[39m [1mdist/index.js                [22m[32m51.10 KB[39m
[32mCJS[39m [1mdist/components/index.js     [22m[32m32.75 KB[39m
[32mCJS[39m [1mdist/lib/index.js.map        [22m[32m18.98 KB[39m
[32mCJS[39m [1mdist/hooks/index.js.map      [22m[32m16.05 KB[39m
[32mCJS[39m [1mdist/components/index.js.map [22m[32m59.46 KB[39m
[32mCJS[39m [1mdist/index.js.map            [22m[32m83.49 KB[39m
[32mCJS[39m ⚡️ Build success in 69ms
[32mESM[39m [1mdist/lib/index.mjs            [22m[32m9.40 KB[39m
[32mESM[39m [1mdist/index.mjs                [22m[32m46.19 KB[39m
[32mESM[39m [1mdist/hooks/index.mjs          [22m[32m12.07 KB[39m
[32mESM[39m [1mdist/components/index.mjs     [22m[32m28.45 KB[39m
[32mESM[39m [1mdist/lib/index.mjs.map        [22m[32m16.15 KB[39m
[32mESM[39m [1mdist/hooks/index.mjs.map      [22m[32m13.11 KB[39m
[32mESM[39m [1mdist/index.mjs.map            [22m[32m76.15 KB[39m
[32mESM[39m [1mdist/components/index.mjs.map [22m[32m53.17 KB[39m
[32mESM[39m ⚡️ Build success in 70ms
DTS Build start
DTS ⚡️ Build success in 2448ms
DTS dist/index.d.mts            552.00 B
DTS dist/lib/index.d.mts        1.90 KB
DTS dist/hooks/index.d.mts      1.23 KB
DTS dist/components/index.d.mts 4.91 KB
DTS dist/index.d.ts             549.00 B
DTS dist/lib/index.d.ts         1.90 KB
DTS dist/hooks/index.d.ts       1.23 KB
DTS dist/components/index.d.ts  4.91 KB
